<?xml version="1.0" encoding="UTF-8"?>
<testsuite name="edu.kpi.controller.RationalExpressionControllerTest" tests="1" skipped="0" failures="0" errors="0" timestamp="2019-06-11T07:50:59" hostname="MacBook-Pro.local" time="0.399">
  <properties/>
  <testcase name="readUserInput()" classname="edu.kpi.controller.RationalExpressionControllerTest" time="0.399"/>
  <system-out><![CDATA[]]></system-out>
  <system-err><![CDATA[]]></system-err>
</testsuite>
